<?xml version="1.0" encoding="UTF-8"?>
<!-- Generated by org.testng.reporters.JUnitReportReporter -->
<testsuite hostname="DESKTOP-EDAL3S7" failures="0" tests="4" name="api.test.UserTest" time="9.737" errors="0" timestamp="2025-04-22T11:56:48 IST" skipped="0">
  <testcase classname="api.test.UserTest" name="testPostUser" time="5.515"/>
  <system-out/>
  <testcase classname="api.test.UserTest" name="testReadUser" time="1.423"/>
  <system-out/>
  <testcase classname="api.test.UserTest" name="testUpdateUser" time="1.412"/>
  <system-out/>
  <testcase classname="api.test.UserTest" name="testDeleteUser" time="1.387"/>
  <system-out/>
</testsuite> <!-- api.test.UserTest -->
