<?xml version="1.0" encoding="UTF-8"?>
<!-- Generated by org.testng.reporters.JUnitReportReporter -->
<testsuite hostname="DESKTOP-F3GQU48" failures="0" tests="4" name="api.test.UserTest" time="7.991" errors="0" timestamp="2025-04-19T21:17:13 IST" skipped="0">
  <testcase classname="api.test.UserTest" name="testPostUser" time="3.378"/>
  <testcase classname="api.test.UserTest" name="testReadUser" time="1.432"/>
  <testcase classname="api.test.UserTest" name="testUpdateUser" time="1.709"/>
  <testcase classname="api.test.UserTest" name="testDeleteUser" time="1.472"/>
</testsuite> <!-- api.test.UserTest -->
