<?xml version="1.0" encoding="UTF-8"?>
<!-- Generated by org.testng.reporters.JUnitReportReporter -->
<testsuite hostname="DESKTOP-EDAL3S7" failures="0" tests="4" name="api.test.UserTest2" time="10.511" errors="0" timestamp="2025-04-21T19:46:52 IST" skipped="0">
  <testcase classname="api.test.UserTest2" name="testPostUser" time="6.328"/>
  <system-out/>
  <testcase classname="api.test.UserTest2" name="testReadUser" time="1.409"/>
  <system-out/>
  <testcase classname="api.test.UserTest2" name="testUpdateUser" time="1.349"/>
  <system-out/>
  <testcase classname="api.test.UserTest2" name="testDeleteUser" time="1.425"/>
  <system-out/>
</testsuite> <!-- api.test.UserTest2 -->
